a:\ubb\1st_year\oop\labs\practicoop\practicoop\x64\debug\main.obj
a:\ubb\1st_year\oop\labs\practicoop\practicoop\x64\debug\moc_practicoop.obj
a:\ubb\1st_year\oop\labs\practicoop\practicoop\x64\debug\qrc_practicoop.obj
a:\ubb\1st_year\oop\labs\practicoop\practicoop\x64\debug\practicoop.obj
a:\ubb\1st_year\oop\labs\practicoop\practicoop\x64\debug\vc141.pdb
a:\ubb\1st_year\oop\labs\practicoop\practicoop\x64\debug\source_file.obj
a:\ubb\1st_year\oop\labs\practicoop\practicoop\x64\debug\programmer.obj
a:\ubb\1st_year\oop\labs\practicoop\practicoop\x64\debug\ctrl.obj
a:\ubb\1st_year\oop\labs\practicoop\practicoop\x64\debug\subject.obj
a:\ubb\1st_year\oop\labs\practicoop\practicoop\x64\debug\observer.obj
a:\ubb\1st_year\oop\labs\practicoop\practicoop\x64\debug\repository.obj
a:\ubb\1st_year\oop\labs\practicoop\x64\debug\practicoop.exe
a:\ubb\1st_year\oop\labs\practicoop\x64\debug\practicoop.ilk
a:\ubb\1st_year\oop\labs\practicoop\x64\debug\practicoop.pdb
a:\ubb\1st_year\oop\labs\practicoop\practicoop\generatedfiles\debug\moc_practicoop.cpp
a:\ubb\1st_year\oop\labs\practicoop\practicoop\generatedfiles\qrc_practicoop.cpp
a:\ubb\1st_year\oop\labs\practicoop\practicoop\generatedfiles\ui_practicoop.h
a:\ubb\1st_year\oop\labs\practicoop\practicoop\x64\debug\practicoop.tlog\cl.command.1.tlog
a:\ubb\1st_year\oop\labs\practicoop\practicoop\x64\debug\practicoop.tlog\cl.read.1.tlog
a:\ubb\1st_year\oop\labs\practicoop\practicoop\x64\debug\practicoop.tlog\cl.write.1.tlog
a:\ubb\1st_year\oop\labs\practicoop\practicoop\x64\debug\practicoop.tlog\link.command.1.tlog
a:\ubb\1st_year\oop\labs\practicoop\practicoop\x64\debug\practicoop.tlog\link.read.1.tlog
a:\ubb\1st_year\oop\labs\practicoop\practicoop\x64\debug\practicoop.tlog\link.write.1.tlog
a:\ubb\1st_year\oop\labs\practicoop\practicoop\x64\debug\practicoop.tlog\practicoop.write.1u.tlog
