  main.cpp
  Vegetables.cpp
  moc_Vegetables.cpp
A:\UBB\1st_Year\OOP\Labs\Vegetables\Vegetables\GeneratedFiles\ui_Vegetables.h(45): error C2039: 'setCentralWidget': is not a member of 'QWidget' (compiling source file main.cpp)
  C:\Qt\5.10.1\msvc2017_64\include\QtWidgets/qwidget.h(128): note: see declaration of 'QWidget' (compiling source file main.cpp)
A:\UBB\1st_Year\OOP\Labs\Vegetables\Vegetables\GeneratedFiles\ui_Vegetables.h(49): error C2039: 'setMenuBar': is not a member of 'QWidget' (compiling source file main.cpp)
  C:\Qt\5.10.1\msvc2017_64\include\QtWidgets/qwidget.h(128): note: see declaration of 'QWidget' (compiling source file main.cpp)
A:\UBB\1st_Year\OOP\Labs\Vegetables\Vegetables\GeneratedFiles\ui_Vegetables.h(52): error C2039: 'addToolBar': is not a member of 'QWidget' (compiling source file main.cpp)
  C:\Qt\5.10.1\msvc2017_64\include\QtWidgets/qwidget.h(128): note: see declaration of 'QWidget' (compiling source file main.cpp)
A:\UBB\1st_Year\OOP\Labs\Vegetables\Vegetables\GeneratedFiles\ui_Vegetables.h(55): error C2039: 'setStatusBar': is not a member of 'QWidget' (compiling source file main.cpp)
  C:\Qt\5.10.1\msvc2017_64\include\QtWidgets/qwidget.h(128): note: see declaration of 'QWidget' (compiling source file main.cpp)
A:\UBB\1st_Year\OOP\Labs\Vegetables\Vegetables\GeneratedFiles\ui_Vegetables.h(57): error C2664: 'void Ui_VegetablesClass::retranslateUi(QMainWindow *)': cannot convert argument 1 from 'QWidget *' to 'QMainWindow *' (compiling source file main.cpp)
  A:\UBB\1st_Year\OOP\Labs\Vegetables\Vegetables\GeneratedFiles\ui_Vegetables.h(57): note: Types pointed to are unrelated; conversion requires reinterpret_cast, C-style cast or function-style cast (compiling source file main.cpp)
A:\UBB\1st_Year\OOP\Labs\Vegetables\Vegetables\GeneratedFiles\ui_Vegetables.h(45): error C2039: 'setCentralWidget': is not a member of 'QWidget' (compiling source file Vegetables.cpp)
  C:\Qt\5.10.1\msvc2017_64\include\QtWidgets/qwidget.h(128): note: see declaration of 'QWidget' (compiling source file Vegetables.cpp)
A:\UBB\1st_Year\OOP\Labs\Vegetables\Vegetables\GeneratedFiles\ui_Vegetables.h(49): error C2039: 'setMenuBar': is not a member of 'QWidget' (compiling source file Vegetables.cpp)
  C:\Qt\5.10.1\msvc2017_64\include\QtWidgets/qwidget.h(128): note: see declaration of 'QWidget' (compiling source file Vegetables.cpp)
A:\UBB\1st_Year\OOP\Labs\Vegetables\Vegetables\GeneratedFiles\ui_Vegetables.h(52): error C2039: 'addToolBar': is not a member of 'QWidget' (compiling source file Vegetables.cpp)
  C:\Qt\5.10.1\msvc2017_64\include\QtWidgets/qwidget.h(128): note: see declaration of 'QWidget' (compiling source file Vegetables.cpp)
A:\UBB\1st_Year\OOP\Labs\Vegetables\Vegetables\GeneratedFiles\ui_Vegetables.h(55): error C2039: 'setStatusBar': is not a member of 'QWidget' (compiling source file Vegetables.cpp)
  C:\Qt\5.10.1\msvc2017_64\include\QtWidgets/qwidget.h(128): note: see declaration of 'QWidget' (compiling source file Vegetables.cpp)
A:\UBB\1st_Year\OOP\Labs\Vegetables\Vegetables\GeneratedFiles\ui_Vegetables.h(57): error C2664: 'void Ui_VegetablesClass::retranslateUi(QMainWindow *)': cannot convert argument 1 from 'QWidget *' to 'QMainWindow *' (compiling source file Vegetables.cpp)
  A:\UBB\1st_Year\OOP\Labs\Vegetables\Vegetables\GeneratedFiles\ui_Vegetables.h(57): note: Types pointed to are unrelated; conversion requires reinterpret_cast, C-style cast or function-style cast (compiling source file Vegetables.cpp)
A:\UBB\1st_Year\OOP\Labs\Vegetables\Vegetables\GeneratedFiles\ui_Vegetables.h(45): error C2039: 'setCentralWidget': is not a member of 'QWidget' (compiling source file .\GeneratedFiles\Debug\moc_Vegetables.cpp)
  C:\Qt\5.10.1\msvc2017_64\include\QtWidgets/qwidget.h(128): note: see declaration of 'QWidget' (compiling source file .\GeneratedFiles\Debug\moc_Vegetables.cpp)
A:\UBB\1st_Year\OOP\Labs\Vegetables\Vegetables\GeneratedFiles\ui_Vegetables.h(49): error C2039: 'setMenuBar': is not a member of 'QWidget' (compiling source file .\GeneratedFiles\Debug\moc_Vegetables.cpp)
  C:\Qt\5.10.1\msvc2017_64\include\QtWidgets/qwidget.h(128): note: see declaration of 'QWidget' (compiling source file .\GeneratedFiles\Debug\moc_Vegetables.cpp)
A:\UBB\1st_Year\OOP\Labs\Vegetables\Vegetables\GeneratedFiles\ui_Vegetables.h(52): error C2039: 'addToolBar': is not a member of 'QWidget' (compiling source file .\GeneratedFiles\Debug\moc_Vegetables.cpp)
  C:\Qt\5.10.1\msvc2017_64\include\QtWidgets/qwidget.h(128): note: see declaration of 'QWidget' (compiling source file .\GeneratedFiles\Debug\moc_Vegetables.cpp)
A:\UBB\1st_Year\OOP\Labs\Vegetables\Vegetables\GeneratedFiles\ui_Vegetables.h(55): error C2039: 'setStatusBar': is not a member of 'QWidget' (compiling source file .\GeneratedFiles\Debug\moc_Vegetables.cpp)
  C:\Qt\5.10.1\msvc2017_64\include\QtWidgets/qwidget.h(128): note: see declaration of 'QWidget' (compiling source file .\GeneratedFiles\Debug\moc_Vegetables.cpp)
A:\UBB\1st_Year\OOP\Labs\Vegetables\Vegetables\GeneratedFiles\ui_Vegetables.h(57): error C2664: 'void Ui_VegetablesClass::retranslateUi(QMainWindow *)': cannot convert argument 1 from 'QWidget *' to 'QMainWindow *' (compiling source file .\GeneratedFiles\Debug\moc_Vegetables.cpp)
  A:\UBB\1st_Year\OOP\Labs\Vegetables\Vegetables\GeneratedFiles\ui_Vegetables.h(57): note: Types pointed to are unrelated; conversion requires reinterpret_cast, C-style cast or function-style cast (compiling source file .\GeneratedFiles\Debug\moc_Vegetables.cpp)
